# JRE version: Java(TM) SE Runtime Environment 18.9 (11.0.13+10) (build 11.0.13+10-LTS-370)
# Java VM: Java HotSpot(TM) 64-Bit Server VM 18.9 (11.0.13+10-LTS-370, mixed mode, tiered, compressed oops, g1 gc, windows-amd64)
Heap:
 garbage-first heap   total 189440K, used 90312K [0x0000000081c00000, 0x0000000100000000)
  region size 1024K, 72 young (73728K), 6 survivors (6144K)
 Metaspace       used 65985K, capacity 67878K, committed 68044K, reserved 1107968K
  class space    used 8606K, capacity 9410K, committed 9472K, reserved 1048576K
GC Heap History (10 events):
Event: 2.720 GC heap before
{Heap before GC invocations=5 (full 0):
 garbage-first heap   total 131072K, used 83258K [0x0000000081c00000, 0x0000000100000000)
  region size 1024K, 76 young (77824K), 4 survivors (4096K)
 Metaspace       used 29716K, capacity 30567K, committed 30720K, reserved 1077248K
  class space    used 3429K, capacity 3760K, committed 3840K, reserved 1048576K
}
Event: 2.732 GC heap after
{Heap after GC invocations=6 (full 0):
 garbage-first heap   total 157696K, used 13371K [0x0000000081c00000, 0x0000000100000000)
  region size 1024K, 7 young (7168K), 7 survivors (7168K)
 Metaspace       used 29716K, capacity 30567K, committed 30720K, reserved 1077248K
  class space    used 3429K, capacity 3760K, committed 3840K, reserved 1048576K
}
Event: 3.726 GC heap before
{Heap before GC invocations=6 (full 0):
 garbage-first heap   total 157696K, used 49211K [0x0000000081c00000, 0x0000000100000000)
  region size 1024K, 43 young (44032K), 7 survivors (7168K)
 Metaspace       used 34716K, capacity 35738K, committed 35840K, reserved 1081344K
  class space    used 4127K, capacity 4536K, committed 4608K, reserved 1048576K
}
Event: 3.735 GC heap after
{Heap after GC invocations=7 (full 0):
 garbage-first heap   total 157696K, used 15745K [0x0000000081c00000, 0x0000000100000000)
  region size 1024K, 7 young (7168K), 7 survivors (7168K)
 Metaspace       used 34716K, capacity 35738K, committed 35840K, reserved 1081344K
  class space    used 4127K, capacity 4536K, committed 4608K, reserved 1048576K
}
Event: 4.592 GC heap before
{Heap before GC invocations=8 (full 0):
 garbage-first heap   total 157696K, used 101761K [0x0000000081c00000, 0x0000000100000000)
  region size 1024K, 92 young (94208K), 7 survivors (7168K)
 Metaspace       used 41622K, capacity 42989K, committed 43264K, reserved 1087488K
  class space    used 5009K, capacity 5569K, committed 5632K, reserved 1048576K
}
Event: 4.603 GC heap after
{Heap after GC invocations=9 (full 0):
 garbage-first heap   total 157696K, used 18920K [0x0000000081c00000, 0x0000000100000000)
  region size 1024K, 10 young (10240K), 10 survivors (10240K)
 Metaspace       used 41622K, capacity 42989K, committed 43264K, reserved 1087488K
  class space    used 5009K, capacity 5569K, committed 5632K, reserved 1048576K
}
Event: 6.283 GC heap before
{Heap before GC invocations=9 (full 0):
 garbage-first heap   total 157696K, used 102888K [0x0000000081c00000, 0x0000000100000000)
  region size 1024K, 92 young (94208K), 10 survivors (10240K)
 Metaspace       used 55776K, capacity 57327K, committed 57472K, reserved 1099776K
  class space    used 7103K, capacity 7751K, committed 7808K, reserved 1048576K
}
Event: 6.294 GC heap after
{Heap after GC invocations=10 (full 0):
 garbage-first heap   total 157696K, used 23016K [0x0000000081c00000, 0x0000000100000000)
  region size 1024K, 10 young (10240K), 10 survivors (10240K)
 Metaspace       used 55776K, capacity 57327K, committed 57472K, reserved 1099776K
  class space    used 7103K, capacity 7751K, committed 7808K, reserved 1048576K
}
Event: 6.690 GC heap before
{Heap before GC invocations=10 (full 0):
 garbage-first heap   total 157696K, used 44520K [0x0000000081c00000, 0x0000000100000000)
  region size 1024K, 32 young (32768K), 10 survivors (10240K)
 Metaspace       used 58644K, capacity 60136K, committed 60160K, reserved 1101824K
  class space    used 7564K, capacity 8192K, committed 8192K, reserved 1048576K
}
Event: 6.704 GC heap after
{Heap after GC invocations=11 (full 0):
 garbage-first heap   total 189440K, used 23752K [0x0000000081c00000, 0x0000000100000000)
  region size 1024K, 6 young (6144K), 6 survivors (6144K)
 Metaspace       used 58644K, capacity 60136K, committed 60160K, reserved 1101824K
  class space    used 7564K, capacity 8192K, committed 8192K, reserved 1048576K
}

